<?xml version="1.0" encoding="UTF-8"?>
<testsuite name="githab_tests.HomeWork3" tests="1" skipped="0" failures="0" errors="0" timestamp="2024-05-16T20:32:25" hostname="DESKTOP-BTB41SV" time="10.208">
  <properties/>
  <testcase name="pageSoftAssertions()" classname="githab_tests.HomeWork3" time="10.208"/>
  <system-out><![CDATA[]]></system-out>
  <system-err><![CDATA[[Test worker] INFO com.codeborne.selenide.impl.WebDriverThreadLocalContainer - No webdriver is bound to current thread: 1 - let's create a new webdriver
[Test worker] INFO com.codeborne.selenide.impl.FileHelper - Creating folder: C:\Users\hess0\IdeaProjects\education\build\downloads\1715891545929_22952_1
[Test worker] INFO com.codeborne.selenide.webdriver.WebDriverFactory - BrowserName=chrome Version=124.0.6367.207 Platform=windows
[Test worker] INFO com.codeborne.selenide.webdriver.WebDriverFactory - Selenide v. 7.3.1
[Test worker] INFO com.codeborne.selenide.webdriver.WebDriverFactory - Selenium WebDriver v. 4.20.0 build revision: 866c76ca80
[Test worker] INFO com.codeborne.selenide.drivercommands.CreateDriverCommand - Created webdriver in thread 1: ChromeDriver -> ChromeDriver: chrome on windows (f38db85490b809b9f31b1b55d4f9d44c), downloadsFolder: C:\Users\hess0\IdeaProjects\education\build\downloads\1715891545929_22952_1
[Test worker] INFO com.codeborne.selenide.drivercommands.DisposablesRegistry - Register WebDriverInstance[config=StaticConfig, webDriver=ChromeDriver: chrome on windows (f38db85490b809b9f31b1b55d4f9d44c), proxy=null, downloadsFolder=C:\Users\hess0\IdeaProjects\education\build\downloads\1715891545929_22952_1] in 1 [size=1]
[Test worker] INFO com.codeborne.selenide.drivercommands.DisposablesRegistry - Add shutdown hook in 1 [size=1]
[Test worker] INFO com.codeborne.selenide.impl.WebDriverThreadLocalContainer - Browser will stay open due to holdBrowserOpen=true: 1 -> ChromeDriver: chrome on windows (f38db85490b809b9f31b1b55d4f9d44c)
]]></system-err>
</testsuite>
