<?xml version="1.0" encoding="UTF-8"?>
<testsuite name="selenide.HomeWork4" tests="1" skipped="0" failures="0" errors="0" timestamp="2024-05-24T17:56:12" hostname="DESKTOP-BTB41SV" time="7.444">
  <properties/>
  <testcase name="requiredPageHasLoaded()" classname="selenide.HomeWork4" time="7.444"/>
  <system-out><![CDATA[]]></system-out>
  <system-err><![CDATA[[Test worker] INFO com.codeborne.selenide.impl.WebDriverThreadLocalContainer - No webdriver is bound to current thread: 1 - let's create a new webdriver
[Test worker] INFO com.codeborne.selenide.impl.FileHelper - Creating folder: C:\Users\hess0\IdeaProjects\education\build\downloads\1716573372993_21944_1
[Test worker] INFO com.codeborne.selenide.webdriver.WebDriverFactory - BrowserName=chrome Version=124.0.6367.208 Platform=windows
[Test worker] INFO com.codeborne.selenide.webdriver.WebDriverFactory - Selenide v. 7.3.1
[Test worker] INFO com.codeborne.selenide.webdriver.WebDriverFactory - Selenium WebDriver v. 4.20.0 build revision: 866c76ca80
[Test worker] INFO com.codeborne.selenide.drivercommands.CreateDriverCommand - Created webdriver in thread 1: ChromeDriver -> ChromeDriver: chrome on windows (10bbe11f7e6c764b572dde4d46905e04), downloadsFolder: C:\Users\hess0\IdeaProjects\education\build\downloads\1716573372993_21944_1
[Test worker] INFO com.codeborne.selenide.drivercommands.DisposablesRegistry - Register WebDriverInstance[config=StaticConfig, webDriver=ChromeDriver: chrome on windows (10bbe11f7e6c764b572dde4d46905e04), proxy=null, downloadsFolder=C:\Users\hess0\IdeaProjects\education\build\downloads\1716573372993_21944_1] in 1 [size=1]
[Test worker] INFO com.codeborne.selenide.drivercommands.DisposablesRegistry - Add shutdown hook in 1 [size=1]
[Test worker] INFO com.codeborne.selenide.impl.WebDriverThreadLocalContainer - Browser will stay open due to holdBrowserOpen=true: 1 -> ChromeDriver: chrome on windows (10bbe11f7e6c764b572dde4d46905e04)
]]></system-err>
</testsuite>
